<?xml version="1.0" encoding="UTF-8"?>
<testsuite name="MultiBracketValidationTest" tests="1" skipped="0" failures="0" errors="0" timestamp="2020-03-18T20:52:44" hostname="Rans-MacBook-Pro.local" time="0.002">
  <properties/>
  <testcase name="validateBrackets_test" classname="MultiBracketValidationTest" time="0.002"/>
  <system-out><![CDATA[]]></system-out>
  <system-err><![CDATA[]]></system-err>
</testsuite>
